<?xml version="1.0" encoding="UTF-8"?>
<!-- Generated by org.testng.reporters.JUnitReportReporter -->
<testsuite hostname="DESKTOP-6GI14NB" failures="0" tests="7" name="com.tests.Tests" time="133.650" errors="0" timestamp="2023-01-15T10:39:49 CST" skipped="0">
  <testcase classname="com.tests.Tests" name="Registrarse" time="20.329"/>
  <system-out/>
  <testcase classname="com.tests.Tests" name="ingresarUsuarioDemoBlaze" time="14.806"/>
  <system-out/>
  <testcase classname="com.tests.Tests" name="Carrito" time="23.445"/>
  <system-out/>
  <testcase classname="com.tests.Tests" name="enviarContacto" time="24.996"/>
  <system-out/>
  <testcase classname="com.tests.Tests" name="AcercaDeNosotros" time="14.454"/>
  <system-out/>
  <testcase classname="com.tests.Tests" name="noEnviarContacto" time="25.700"/>
  <system-out/>
  <testcase classname="com.tests.Tests" name="searchXPath" time="9.920"/>
  <system-out/>
</testsuite> <!-- com.tests.Tests -->
