<?xml version="1.0" encoding="UTF-8"?>
<!-- Generated by org.testng.reporters.JUnitReportReporter -->
<testsuite hostname="DESKTOP-6GI14NB" failures="0" tests="7" name="com.tests.Tests" time="10.745" errors="0" timestamp="2023-01-21T21:36:40 CST" skipped="6">
  <testcase classname="com.tests.Tests" name="enviarContacto" time="10.745"/>
  <system-out/>
  <testcase classname="com.tests.Tests" name="Registrarse">
    <skipped/>
  </testcase> <!-- Registrarse -->
  <system-out/>
  <testcase classname="com.tests.Tests" name="AcercaDeNosotros">
    <skipped/>
  </testcase> <!-- AcercaDeNosotros -->
  <system-out/>
  <testcase classname="com.tests.Tests" name="noEnviarContacto">
    <skipped/>
  </testcase> <!-- noEnviarContacto -->
  <system-out/>
  <testcase classname="com.tests.Tests" name="Carrito">
    <skipped/>
  </testcase> <!-- Carrito -->
  <system-out/>
  <testcase classname="com.tests.Tests" name="ingresarUsuarioDemoBlaze">
    <skipped/>
  </testcase> <!-- ingresarUsuarioDemoBlaze -->
  <system-out/>
  <testcase classname="com.tests.Tests" name="searchXPath">
    <skipped/>
  </testcase> <!-- searchXPath -->
  <system-out/>
</testsuite> <!-- com.tests.Tests -->
